"../../../Engine/Content/ArtTools/RenderToTexture/Enums/RenderToTexture_Enum.uasset" 0
"../../../Engine/Content/ArtTools/RenderToTexture/Enums/RenderToTexture_Flipbook_Enum.uasset" 1
"../../../Engine/Content/ArtTools/RenderToTexture/Enums/RenderToTexture_Imposter_Enum.uasset" 2
"../../../Engine/Content/ArtTools/RenderToTexture/Enums/EIntTypes.uasset" 3
"../../../Engine/Content/EditorBlueprintResources/StandardMacros.uasset" 4
"../../../Engine/Content/ArtTools/RenderToTexture/Macros/RenderToTextureFunctionLibrary.uasset" 5
"../../../Engine/Content/ArtTools/RenderToTexture/Enums/EFloatTypes.uasset" 6
"../../../Engine/Content/ArtTools/RenderToTexture/Macros/RenderToTextureMacros.uasset" 7
"../../../Engine/Content/EngineMaterials/T_Default_Material_Grid_N.uasset" 8
"../../../Engine/Content/EngineMaterials/T_Default_Material_Grid_M.uasset" 9
"../../../Engine/Content/Functions/Engine_MaterialFunctions01/Opacity/CameraDepthFade.uasset" 10
"../../../Engine/Content/EngineMaterials/WorldGridMaterial.uasset" 11
"../../../Engine/Content/ArtTools/RenderToTexture/Meshes/S_1_Unit_Plane.uasset" 12
"../../../Engine/Content/BasicShapes/BasicShapeMaterial.uasset" 13
"../../../Engine/Content/EngineMaterials/DefaultMaterial.uasset" 14
"../../../Engine/Content/BasicShapes/Cone.uasset" 15
"../../../Engine/Content/BasicShapes/Cube.uasset" 16
"../../../Engine/Content/BasicShapes/Plane.uasset" 17
"../../../Engine/Content/BasicShapes/Sphere.uasset" 18
"../../../Engine/Content/EngineMaterials/DefaultPhysicalMaterial.uasset" 19
"../../../Engine/Content/BufferVisualization/AmbientOcclusion.uasset" 20
"../../../Engine/Content/Functions/Engine_MaterialFunctions02/Utility/AppendMany.uasset" 21
"../../../Engine/Content/BufferVisualization/Anisotropy.uasset" 22
"../../../Engine/Content/BufferVisualization/BaseColor.uasset" 23
"../../../Engine/Content/BufferVisualization/CustomDepth.uasset" 24
"../../../Engine/Content/Functions/Engine_MaterialFunctions02/Utility/VectorLength.uasset" 25
"../../../Engine/Content/BufferVisualization/CustomDepthWorldUnits.uasset" 26
"../../../Engine/Content/EngineMaterials/MiniFont.uasset" 27
"../../../Engine/Content/Functions/Engine_MaterialFunctions02/Utility/MakeFloat3.uasset" 28
"../../../Engine/Content/Functions/Engine_MaterialFunctions02/Utility/MakeFloat2.uasset" 29
"../../../Engine/Content/Functions/Engine_MaterialFunctions02/ScreenResolution.uasset" 30
"../../../Engine/Content/Functions/Engine_MaterialFunctions02/Utility/BreakOutFloat2Components.uasset" 31
"../../../Engine/Content/Functions/Engine_MaterialFunctions01/Texturing/ScaleUVsByCenter.uasset" 32
"../../../Engine/Content/Functions/Engine_MaterialFunctions02/Texturing/ScreenAlignedUVs.uasset" 33
"../../../Engine/Content/BufferVisualization/CustomStencil.uasset" 34
"../../../Engine/Content/BufferVisualization/FinalImage.uasset" 35
"../../../Engine/Content/BufferVisualization/LightingModel.uasset" 36
"../../../Engine/Content/BufferVisualization/MaterialAO.uasset" 37
"../../../Engine/Content/BufferVisualization/Metallic.uasset" 38
"../../../Engine/Content/BufferVisualization/Opacity.uasset" 39
"../../../Engine/Content/BufferVisualization/PostTonemapHDRColor.uasset" 40
"../../../Engine/Content/BufferVisualization/PreTonemapHDRColor.uasset" 41
"../../../Engine/Content/BufferVisualization/Roughness.uasset" 42
"../../../Engine/Content/BufferVisualization/SceneColor.uasset" 43
"../../../Engine/Content/BufferVisualization/SceneDepth.uasset" 44
"../../../Engine/Content/BufferVisualization/SceneDepthWorldUnits.uasset" 45
"../../../Engine/Content/BufferVisualization/SeparateTranslucencyA.uasset" 46
"../../../Engine/Content/BufferVisualization/SeparateTranslucencyRGB.uasset" 47
"../../../Engine/Content/BufferVisualization/Specular.uasset" 48
"../../../Engine/Content/BufferVisualization/SubsurfaceColor.uasset" 49
"../../../Engine/Content/BufferVisualization/Velocity.uasset" 50
"../../../Engine/Content/BufferVisualization/WorldNormal.uasset" 51
"../../../Engine/Content/BufferVisualization/WorldTangent.uasset" 52
"../../../Engine/Content/EditorBlueprintResources/ActorMacros.uasset" 53
"../../../Engine/Content/EditorLandscapeResources/DataLayer.uasset" 54
"../../../Engine/Content/EditorLandscapeResources/DefaultAlphaTexture.uasset" 55
"../../../Engine/Content/EditorLandscapeResources/LandscapeGizmoHeight_Mat.uasset" 56
"../../../Engine/Content/EditorLandscapeResources/LandscapeGizmo_Mat.uasset" 57
"../../../Engine/Content/EditorLandscapeResources/LandscapeGizmo_Mat_Copied.uasset" 58
"../../../Engine/Content/EditorLandscapeResources/SplineEditorMeshMat.uasset" 59
"../../../Engine/Content/EditorLandscapeResources/SplineEditorMesh.uasset" 60
"../../../Engine/Content/EditorMaterials/Cross.uasset" 61
"../../../Engine/Content/EditorMaterials/Cross_Mat.uasset" 62
"../../../Engine/Content/EditorResources/T_EditorHelp.uasset" 63
"../../../Engine/Content/Functions/Engine_MaterialFunctions02/Utility/Sign.uasset" 64
"../../../Engine/Content/Functions/Engine_MaterialFunctions02/Utility/Round.uasset" 65
"../../../Engine/Content/Functions/Engine_MaterialFunctions02/ExampleContent/Textures/DebugNumberPeriod.uasset" 66
"../../../Engine/Content/Functions/Engine_MaterialFunctions02/ExampleContent/DebugNumberStrip.uasset" 67
"../../../Engine/Content/EngineMaterials/DefaultDiffuse.uasset" 68
"../../../Engine/Content/Functions/Engine_MaterialFunctions01/Texturing/TextureCropping.uasset" 69
"../../../Engine/Content/Functions/Engine_MaterialFunctions01/Texturing/ComputeMipLevel.uasset" 70
"../../../Engine/Content/Functions/Engine_MaterialFunctions02/Utility/DebugScalarValues.uasset" 71
"../../../Engine/Content/Functions/Engine_MaterialFunctions02/Utility/DebugFloat2Values.uasset" 72
"../../../Engine/Content/Functions/Engine_MaterialFunctions02/ExampleContent/Textures/flipbook.uasset" 73
"../../../Engine/Content/Functions/Engine_MaterialFunctions02/Texturing/FlipBook.uasset" 74
"../../../Engine/Content/EditorMaterials/HelpActorMaterial.uasset" 75
"../../../Engine/Content/Functions/Engine_MaterialFunctions03/Procedurals/ComputeFilterWidth.uasset" 76
"../../../Engine/Content/EngineMaterials/BlendFunc_DefBlend.uasset" 77
"../../../Engine/Content/EngineMaterials/BlendFunc_DefBase.uasset" 78
"../../../Engine/Content/Functions/Engine_MaterialFunctions03/Blends/Blend_Screen.uasset" 79
"../../../Engine/Content/EditorMaterials/TilingAALineIntegral.uasset" 80
"../../../Engine/Content/EditorMaterials/TilingAALineBoxFiltered.uasset" 81
"../../../Engine/Content/EditorMaterials/TilingAAGrid.uasset" 82
"../../../Engine/Content/EditorMaterials/TilingAADots.uasset" 83
"../../../Engine/Content/EditorMaterials/CompositeARGBLayer.uasset" 84
"../../../Engine/Content/EditorMaterials/LevelGridMaterial.uasset" 85
"../../../Engine/Content/EditorResources/LevelGrid1DStripes.uasset" 86
"../../../Engine/Content/EditorMaterials/TextureGridCascaded1D.uasset" 87
"../../../Engine/Content/EditorMaterials/TextureGridCascaded2D.uasset" 88
"../../../Engine/Content/EditorMaterials/MakeCompositeARGBLayer.uasset" 89
"../../../Engine/Content/EditorMaterials/LevelGridMaterial2.uasset" 90
"../../../Engine/Content/EditorMaterials/MAT_Groups_Toggle.uasset" 91
"../../../Engine/Content/EditorMaterials/MAT_Groups_Visibility.uasset" 92
"../../../Engine/Content/EngineMaterials/Grid.uasset" 93
"../../../Engine/Content/EditorResources/TilePatine_N.uasset" 94
"../../../Engine/Content/EditorResources/TilePatine_D.uasset" 95
"../../../Engine/Content/EditorMaterials/AntialiasedGridFloor.uasset" 96
"../../../Engine/Content/EditorMaterials/PersonaFloorMat.uasset" 97
"../../../Engine/Content/EditorMaterials/PhAT_BoneSelectedMaterial.uasset" 98
"../../../Engine/Content/EditorMaterials/PhAT_ElemSelectedMaterial.uasset" 99
"../../../Engine/Content/EditorMaterials/PhAT_NoCollisionMaterial.uasset" 100
"../../../Engine/Content/EditorMaterials/PhAT_UnselectedMaterial.uasset" 101
"../../../Engine/Content/EditorMaterials/PreviewShadowIndicator.uasset" 102
"../../../Engine/Content/EditorMaterials/PreviewShadowIndicatorMaterial.uasset" 103
"../../../Engine/Content/EditorMaterials/TargetIcon.uasset" 104
"../../../Engine/Content/EditorMaterials/Tick.uasset" 105
"../../../Engine/Content/EditorMaterials/Tick_Mat.uasset" 106
"../../../Engine/Content/EditorMaterials/WidgetGridVertexColorMaterial.uasset" 107
"../../../Engine/Content/EditorMaterials/WidgetGridVertexColorMaterial_Ma.uasset" 108
"../../../Engine/Content/EditorMaterials/WidgetMaterial.uasset" 109
"../../../Engine/Content/EditorMaterials/WidgetMaterial_Current.uasset" 110
"../../../Engine/Content/EditorMaterials/WidgetMaterial_X.uasset" 111
"../../../Engine/Content/EditorMaterials/WidgetMaterial_Y.uasset" 112
"../../../Engine/Content/EditorMaterials/WidgetMaterial_Z.uasset" 113
"../../../Engine/Content/EditorMaterials/WidgetVertexColorMaterial.uasset" 114
"../../../Engine/Content/EditorMaterials/MatineeGroups/MAT_ColorTrack.uasset" 115
"../../../Engine/Content/EditorMaterials/MatineeGroups/MAT_Groups_Anim.uasset" 116
"../../../Engine/Content/EditorMaterials/MatineeGroups/MAT_Groups_AudioMaster.uasset" 117
"../../../Engine/Content/EditorMaterials/MatineeGroups/MAT_Groups_Director.uasset" 118
"../../../Engine/Content/EditorMaterials/MatineeGroups/MAT_Groups_Event.uasset" 119
"../../../Engine/Content/EditorMaterials/MatineeGroups/MAT_Groups_Fade.uasset" 120
"../../../Engine/Content/EditorMaterials/MatineeGroups/MAT_Groups_Float.uasset" 121
"../../../Engine/Content/EditorMaterials/MatineeGroups/MAT_Groups_Move.uasset" 122
"../../../Engine/Content/EditorMaterials/MatineeGroups/MAT_Groups_Slomo.uasset" 123
"../../../Engine/Content/EditorMaterials/MatineeGroups/MAT_Groups_Sound.uasset" 124
"../../../Engine/Content/EditorMaterials/MatineeGroups/MAT_Groups_Vector.uasset" 125
"../../../Engine/Content/EditorMaterials/ParticleSystems/PSysThumbnail_NoImage.uasset" 126
"../../../Engine/Content/EditorMaterials/ParticleSystems/PSysThumbnail_OOD.uasset" 127
"../../../Engine/Content/EditorMaterials/Thumbnails/FloorPlaneMaterial.uasset" 128
"../../../Engine/Content/EditorMeshes/EditorCube.uasset" 129
"../../../Engine/Content/EditorMeshes/EditorCylinder.uasset" 130
"../../../Engine/Content/EditorMeshes/EditorPlane.uasset" 131
"../../../Engine/Content/EditorMaterials/Thumbnails/SkySphereMaterial.uasset" 132
"../../../Engine/Content/EditorMeshes/EditorSkySphere.uasset" 133
"../../../Engine/Content/EditorMeshes/EditorSphere.uasset" 134
"../../../Engine/Content/EditorResources/MatineeCam_D.uasset" 135
"../../../Engine/Content/EditorMaterials/MatineeCam_mat.uasset" 136
"../../../Engine/Content/EditorMeshes/MatineeCam_SM.uasset" 137
"../../../Engine/Content/Functions/Engine_MaterialFunctions01/Shading/ConvertFromDiffSpec.uasset" 138
"../../../Engine/Content/EditorMaterials/GridMaterial.uasset" 139
"../../../Engine/Content/EditorMeshes/PhAT_FloorBox.uasset" 140
"../../../Engine/Content/EditorMeshes/PlanarReflectionPlane.uasset" 141
"../../../Engine/Content/EngineDebugMaterials/M_SimpleOpaque.uasset" 142
"../../../Engine/Content/EditorMaterials/Camera/MI_CineMat_CamViewFinder.uasset" 143
"../../../Engine/Content/EditorMaterials/Camera/CineMat.uasset" 144
"../../../Engine/Content/EditorMaterials/Camera/MI_CineMat_CameraBody.uasset" 145
"../../../Engine/Content/EditorMeshes/Camera/SM_CineCam.uasset" 146
"../../../Engine/Content/EditorMaterials/Camera/MI_CineMat_Rig.uasset" 147
"../../../Engine/Content/EditorMeshes/Camera/SM_CraneRig_Arm.uasset" 148
"../../../Engine/Content/EditorMeshes/Camera/SM_CraneRig_Base.uasset" 149
"../../../Engine/Content/EditorMeshes/Camera/SM_CraneRig_Body.uasset" 150
"../../../Engine/Content/EditorMeshes/Camera/SM_CraneRig_Mount.uasset" 151
"../../../Engine/Content/EditorMeshes/Camera/SM_RailRig_Mount.uasset" 152
"../../../Engine/Content/EditorMeshes/Camera/SM_RailRig_Track.uasset" 153
"../../../Engine/Content/EditorMeshes/ColorCalibrator/M_GreyBall.uasset" 154
"../../../Engine/Content/EditorMeshes/ColorCalibrator/Color_checker.uasset" 155
"../../../Engine/Content/EditorMeshes/ColorCalibrator/M_ColorGrid.uasset" 156
"../../../Engine/Content/EditorMeshes/ColorCalibrator/M_ClearCoatBlack.uasset" 157
"../../../Engine/Content/EditorMeshes/ColorCalibrator/M_ClearCoat.uasset" 158
"../../../Engine/Content/EditorMeshes/ColorCalibrator/M_ChromeBall.uasset" 159
"../../../Engine/Content/EditorMeshes/ColorCalibrator/SM_ColorCalibrator.uasset" 160
"../../../Engine/Content/EditorResources/Bad.uasset" 161
"../../../Engine/Content/EditorResources/BSPVertex.uasset" 162
"../../../Engine/Content/EditorResources/EmptyActor.uasset" 163
"../../../Engine/Content/EditorResources/MatInstActSprite.uasset" 164
"../../../Engine/Content/EditorResources/SceneManager.uasset" 165
"../../../Engine/Content/EditorResources/SmallFont.uasset" 166
"../../../Engine/Content/EditorResources/S_Actor.uasset" 167
"../../../Engine/Content/EditorResources/S_CameraShakeSource.uasset" 168
"../../../Engine/Content/EditorResources/S_DecalActorIcon.uasset" 169
"../../../Engine/Content/EditorResources/S_Emitter.uasset" 170
"../../../Engine/Content/EditorResources/S_ExpoHeightFog.uasset" 171
"../../../Engine/Content/EditorResources/S_FTest.uasset" 172
"../../../Engine/Content/EditorResources/S_KBSJoint.uasset" 173
"../../../Engine/Content/EditorResources/S_KHinge.uasset" 174
"../../../Engine/Content/EditorResources/S_KPrismatic.uasset" 175
"../../../Engine/Content/EditorResources/S_LevelSequence.uasset" 176
"../../../Engine/Content/EditorResources/S_NavP.uasset" 177
"../../../Engine/Content/EditorResources/S_Note.uasset" 178
"../../../Engine/Content/EditorResources/S_Player.uasset" 179
"../../../Engine/Content/EditorResources/S_PortalActorIcon2.uasset" 180
"../../../Engine/Content/EditorResources/S_RadForce.uasset" 181
"../../../Engine/Content/EditorResources/S_ReflActorIcon.uasset" 182
"../../../Engine/Content/EditorResources/S_SkyAtmosphere.uasset" 183
"../../../Engine/Content/EditorResources/S_Solver.uasset" 184
"../../../Engine/Content/EditorResources/S_Terrain.uasset" 185
"../../../Engine/Content/EditorResources/S_TextRenderActorIcon.uasset" 186
"../../../Engine/Content/EditorResources/S_Thruster.uasset" 187
"../../../Engine/Content/EditorResources/S_Trigger.uasset" 188
"../../../Engine/Content/EditorResources/S_VectorFieldVol.uasset" 189
"../../../Engine/Content/EditorResources/S_VolumetricCloud.uasset" 190
"../../../Engine/Content/EditorResources/S_WindDirectional.uasset" 191
"../../../Engine/Content/EditorResources/AI/S_NavLink.uasset" 192
"../../../Engine/Content/EditorResources/AudioIcons/S_AudioComponent.uasset" 193
"../../../Engine/Content/EditorResources/AudioIcons/S_AudioComponent_AutoActivate.uasset" 194
"../../../Engine/Content/EditorResources/LightIcons/SkyLight.uasset" 195
"../../../Engine/Content/EditorResources/LightIcons/S_LightDirectional.uasset" 196
"../../../Engine/Content/EditorResources/LightIcons/S_LightDirectionalMove.uasset" 197
"../../../Engine/Content/EditorResources/LightIcons/S_LightError.uasset" 198
"../../../Engine/Content/EditorResources/LightIcons/S_LightPoint.uasset" 199
"../../../Engine/Content/EditorResources/LightIcons/S_LightPointMove.uasset" 200
"../../../Engine/Content/EditorResources/LightIcons/S_LightSpot.uasset" 201
"../../../Engine/Content/EditorResources/LightIcons/S_LightSpotMove.uasset" 202
"../../../Engine/Content/EditorResources/SequenceRecorder/Countdown.uasset" 203
"../../../Engine/Content/EditorResources/SequenceRecorder/RecordingIndicator.uasset" 204
"../../../Engine/Content/EditorResources/Spline/T_Loft_Spline.uasset" 205
"../../../Engine/Content/EditorSounds/Notifications/CompileSuccess.uasset" 206
"../../../Engine/Content/EditorSounds/Notifications/CompileStart_Cue.uasset" 207
"../../../Engine/Content/EngineDamageTypes/DmgTypeBP_Environmental.uasset" 208
"../../../Engine/Content/EngineDebugMaterials/HeatmapGradient.uasset" 209
"../../../Engine/Content/EngineDebugMaterials/BoneWeightMaterial.uasset" 210
"../../../Engine/Content/EngineDebugMaterials/ClothMaterial.uasset" 211
"../../../Engine/Content/EngineDebugMaterials/ClothMaterial_WF.uasset" 212
"../../../Engine/Content/EngineDebugMaterials/DebugEditorMaterial.uasset" 213
"../../../Engine/Content/EngineDebugMaterials/DebugMeshMaterial.uasset" 214
"../../../Engine/Content/EngineDebugMaterials/GeomMaterial.uasset" 215
"../../../Engine/Content/EngineDebugMaterials/LevelColorationLitMaterial.uasset" 216
"../../../Engine/Content/EngineDebugMaterials/LevelColorationUnlitMaterial.uasset" 217
"../../../Engine/Content/EngineMaterials/DefaultWhiteGrid.uasset" 218
"../../../Engine/Content/EngineDebugMaterials/MAT_LevelColorationLitLightmapUV.uasset" 219
"../../../Engine/Content/EngineDebugMaterials/M_SimpleUnlitTranslucent.uasset" 220
"../../../Engine/Content/EngineDebugMaterials/VolumeToRender.uasset" 221
"../../../Engine/Content/Functions/Engine_MaterialFunctions02/Utility/CameraDirectionVector.uasset" 222
"../../../Engine/Content/EngineDebugMaterials/M_VolumeRenderSphereTracePP.uasset" 223
"../../../Engine/Content/EngineMaterials/DefaultWhiteGrid_Low.uasset" 224
"../../../Engine/Content/EngineDebugMaterials/PhysicalMaterialMaskMaterial.uasset" 225
"../../../Engine/Content/EngineDebugMaterials/ShadedLevelColorationLitMaterial.uasset" 226
"../../../Engine/Content/EngineDebugMaterials/ShadedLevelColorationUnlitMateri.uasset" 227
"../../../Engine/Content/EngineDebugMaterials/VertexColorMaterial.uasset" 228
"../../../Engine/Content/EngineDebugMaterials/VertexColorViewMode_AlphaAsColor.uasset" 229
"../../../Engine/Content/EngineDebugMaterials/VertexColorViewMode_BlueOnly.uasset" 230
"../../../Engine/Content/EngineDebugMaterials/VertexColorViewMode_ColorOnly.uasset" 231
"../../../Engine/Content/EngineDebugMaterials/VertexColorViewMode_GreenOnly.uasset" 232
"../../../Engine/Content/EngineDebugMaterials/VertexColorViewMode_RedOnly.uasset" 233
"../../../Engine/Content/EngineDebugMaterials/WireframeMaterial.uasset" 234
"../../../Engine/Content/EngineFonts/Faces/RobotoRegular.uasset" 235
"../../../Engine/Content/EngineFonts/Faces/RobotoLight.uasset" 236
"../../../Engine/Content/EngineFonts/Faces/RobotoItalic.uasset" 237
"../../../Engine/Content/EngineFonts/Faces/RobotoBoldItalic.uasset" 238
"../../../Engine/Content/EngineFonts/Faces/RobotoBold.uasset" 239
"../../../Engine/Content/EngineFonts/Faces/DroidSansFallback.uasset" 240
"../../../Engine/Content/EngineFonts/Roboto.uasset" 241
"../../../Engine/Content/EngineFonts/Faces/RobotoTiny.uasset" 242
"../../../Engine/Content/EngineFonts/RobotoTiny.uasset" 243
"../../../Engine/Content/EngineFonts/SmallFont.uasset" 244
"../../../Engine/Content/EngineFonts/TinyFont.uasset" 245
"../../../Engine/Content/EngineFonts/RobotoDistanceField.uasset" 246
"../../../Engine/Content/EngineMaterials/AntiAliasedTextMaterialTranslucent.uasset" 247
"../../../Engine/Content/EngineMaterials/BaseFlattenNormalMap.uasset" 248
"../../../Engine/Content/EngineMaterials/BaseFlattenGrayscaleMap.uasset" 249
"../../../Engine/Content/EngineMaterials/BaseFlattenEmissiveMap.uasset" 250
"../../../Engine/Content/EngineMaterials/BaseFlattenDiffuseMap.uasset" 251
"../../../Engine/Content/EngineMaterials/BaseFlattenMaterial.uasset" 252
"../../../Engine/Content/EngineResources/WhiteSquareTexture.uasset" 253
"../../../Engine/Content/EngineMaterials/BlinkingCaret.uasset" 254
"../../../Engine/Content/EngineMaterials/BlueNoise.uasset" 255
"../../../Engine/Content/EngineMaterials/DefaultBloomKernel.uasset" 256
"../../../Engine/Content/EngineMaterials/DefaultBokeh.uasset" 257
"../../../Engine/Content/EngineMaterials/DefaultDeferredDecalMaterial.uasset" 258
"../../../Engine/Content/EngineMaterials/DefaultLightFunctionMaterial.uasset" 259
"../../../Engine/Content/EngineMaterials/DefaultNormal.uasset" 260
"../../../Engine/Content/EngineMaterials/DefaultPostProcessMaterial.uasset" 261
"../../../Engine/Content/EngineMaterials/DefaultTextMaterialOpaque.uasset" 262
"../../../Engine/Content/EngineMaterials/EditorBrushMaterial.uasset" 263
"../../../Engine/Content/EngineMaterials/EmissiveMeshMaterial.uasset" 264
"../../../Engine/Content/EngineMaterials/GizmoMaterial.uasset" 265
"../../../Engine/Content/EngineMaterials/Good64x64TilingNoiseHighFreq.uasset" 266
"../../../Engine/Content/EngineMaterials/Grid_N.uasset" 267
"../../../Engine/Content/EngineMaterials/HighResolutionScreenshotMaskFunction.uasset" 268
"../../../Engine/Content/EngineMaterials/HighResScreenshot.uasset" 269
"../../../Engine/Content/EngineMaterials/HighResScreenshotCaptureRegion.uasset" 270
"../../../Engine/Content/EngineMaterials/HighResScreenshotMask.uasset" 271
"../../../Engine/Content/EngineMaterials/LandscapeHolePhysicalMaterial.uasset" 272
"../../../Engine/Content/EngineMaterials/InvalidLightmapSettings.uasset" 273
"../../../Engine/Content/EngineMaterials/M_InvalidLightmapSettings.uasset" 274
"../../../Engine/Content/EngineMaterials/PaperDiffuse.uasset" 275
"../../../Engine/Content/EngineMaterials/PaperNormal.uasset" 276
"../../../Engine/Content/Functions/Engine_MaterialFunctions02/WorldPositionOffset/CameraOffset.uasset" 277
"../../../Engine/Content/EngineMaterials/PhAT_JointLimitMaterial.uasset" 278
"../../../Engine/Content/EngineMaterials/PhysMat_Rubber.uasset" 279
"../../../Engine/Content/EngineMaterials/PreintegratedSkinBRDF.uasset" 280
"../../../Engine/Content/EngineMaterials/RemoveSurfaceMaterial.uasset" 281
"../../../Engine/Content/EngineMaterials/WeightMapPlaceholderTexture.uasset" 282
"../../../Engine/Content/Functions/Engine_MaterialFunctions01/ImageAdjustment/sRGBToLinear.uasset" 283
"../../../Engine/Content/Functions/Engine_MaterialFunctions02/Utility/BreakOutFloat3Components.uasset" 284
"../../../Engine/Content/EngineMaterials/Widget3DCameraPassThrough_Opaque_OneSided.uasset" 285
"../../../Engine/Content/EngineMaterials/Widget3DPassThrough.uasset" 286
"../../../Engine/Content/EngineMaterials/Widget3DPassThrough_Masked.uasset" 287
"../../../Engine/Content/EngineMaterials/Widget3DPassThrough_Opaque.uasset" 288
"../../../Engine/Content/EngineMaterials/Widget3DPassThrough_Masked_OneSided.uasset" 289
"../../../Engine/Content/EngineMaterials/Widget3DPassThrough_Opaque_OneSided.uasset" 290
"../../../Engine/Content/EngineMaterials/Widget3DPassThrough_Translucent.uasset" 291
"../../../Engine/Content/EngineMaterials/Widget3DPassThrough_Translucent_OneSided.uasset" 292
"../../../Engine/Content/EngineMeshes/Cylinder.uasset" 293
"../../../Engine/Content/EngineMeshes/Sphere.uasset" 294
"../../../Engine/Content/EngineResources/Black.uasset" 295
"../../../Engine/Content/EngineResources/DefaultTextureCube.uasset" 296
"../../../Engine/Content/EngineResources/DefaultVolumeTexture2D.uasset" 297
"../../../Engine/Content/EngineResources/DefaultVolumeTexture.uasset" 298
"../../../Engine/Content/EngineResources/GradientTexture0.uasset" 299
"../../../Engine/Content/EngineResources/StreamingPauseIcon.uasset" 300
"../../../Engine/Content/EngineResources/M_StreamingPause.uasset" 301
"../../../Engine/Content/EngineSky/VolumetricClouds/T_NoiseShape64.uasset" 302
"../../../Engine/Content/EngineSky/VolumetricClouds/T_VolumeNoiseShape64.uasset" 303
"../../../Engine/Content/EngineSky/VolumetricClouds/T_NoiseErosion.uasset" 304
"../../../Engine/Content/EngineSky/VolumetricClouds/T_VolumeNoiseErosion32.uasset" 305
"../../../Engine/Content/EngineSky/VolumetricClouds/CloudWeatherTexture.uasset" 306
"../../../Engine/Content/EngineSky/VolumetricClouds/CloudGradientTexture.uasset" 307
"../../../Engine/Content/EngineSky/VolumetricClouds/m_SimpleVolumetricCloud.uasset" 308
"../../../Engine/Content/EngineSky/VolumetricClouds/m_SimpleVolumetricCloud_Inst.uasset" 309
"../../../Engine/Content/EngineSounds/Master.uasset" 310
"../../../Engine/Content/Functions/Engine_MaterialFunctions01/Shading/PowerToRoughness.uasset" 311
"../../../Engine/Content/Maps/Templates/Thumbnails/Default.uasset" 312
"../../../Engine/Content/Maps/Templates/Thumbnails/TimeOfDay.uasset" 313
"../../../Engine/Content/Maps/Templates/Thumbnails/VR-Basic.uasset" 314
"../../../Engine/Content/MapTemplates/SM_Template_Map_Floor.uasset" 315
"../../../Engine/Content/MobileResources/T_MobileControls_texture.uasset" 316
"../../../Engine/Content/MobileResources/T_MobileMenu2.uasset" 317
"../../../Engine/Content/MobileResources/HUD/AnalogHat.uasset" 318
"../../../Engine/Content/MobileResources/HUD/VirtualJoystick_Thumb.uasset" 319
"../../../Engine/Content/MobileResources/HUD/VirtualJoystick_Background.uasset" 320
"../../../Engine/Content/MobileResources/HUD/DefaultVirtualJoysticks.uasset" 321
"../../../Engine/Content/MobileResources/HUD/LeftVirtualJoystickOnly.uasset" 322
"../../../Engine/Content/MobileResources/HUD/MobileHUDButton1_off.uasset" 323
"../../../Engine/Content/MobileResources/HUD/MobileHUDButton1_on.uasset" 324
"../../../Engine/Content/MobileResources/HUD/MobileHUDButton2_off.uasset" 325
"../../../Engine/Content/MobileResources/HUD/MobileHUDButton2_on.uasset" 326
"../../../Engine/Content/MobileResources/HUD/MobileHUDButton3.uasset" 327
"../../../Engine/Content/MobileResources/HUD/MobileHUDButtonFire.uasset" 328
"../../../Engine/Content/MobileResources/HUD/MobileHUDDirectionPad.uasset" 329
"../../../Engine/Content/MobileResources/HUD/MobileHUDDirectionPad2.uasset" 330
"../../../Engine/Content/MobileResources/HUD/MobileHUDDirectionPad3.uasset" 331
"../../../Engine/Content/MobileResources/HUD/MobileHUDDirectionStick.uasset" 332
"../../../Engine/Content/MobileResources/HUD/T_Castle_ThumbstickInner.uasset" 333
"../../../Engine/Content/MobileResources/HUD/T_Castle_ThumbstickOutter.uasset" 334
"../../../Engine/Content/Tutorial/ContentIntroCurve.uasset" 335
"../../../Engine/Content/Tutorial/Basics/LevelEditorAttract.uasset" 336
"../../../Engine/Content/Tutorial/Basics/TutorialAssets/icon_tab_Levels_40x.uasset" 337
"../../../Engine/Content/Tutorial/Basics/LevelEditorOverview.uasset" 338
"../../../Engine/Content/Tutorial/BlueprintTutorials/TutorialAssets/Blueprint_64x.uasset" 339
"../../../Engine/Content/Tutorial/BlueprintTutorials/BlueprintEditorTutorial.uasset" 340
"../../../Engine/Content/Tutorial/BlueprintTutorials/TutorialAssets/Tutorial_BP_MacroLib.uasset" 341
"../../../Engine/Content/VREditor/TransformGizmo/TranslucentTransformGizmoMaterial.uasset" 342
"../../../Engine/Content/VREditor/LaserPointer/VR_LaserPower_01.uasset" 343
"../../../Engine/Content/VREditor/TransformGizmo/TransformGizmoMaterial.uasset" 344
"../../../Engine/Content/VREditor/TransformGizmo/BoundingBoxCorner.uasset" 345
"../../../Engine/Content/VREditor/TransformGizmo/BoundingBoxEdge.uasset" 346
"../../../Engine/Content/VREditor/TransformGizmo/PlaneTranslationHandle.uasset" 347
"../../../Engine/Content/VREditor/TransformGizmo/Xray.uasset" 348
"../../../Engine/Content/VREditor/TransformGizmo/Main.uasset" 349
"../../../Engine/Content/VREditor/TransformGizmo/SM_Sequencer_Key.uasset" 350
"../../../Engine/Content/VREditor/TransformGizmo/SM_Sequencer_Node.uasset" 351
"F:/UE4/Project/Tanks_Dungeons/Content/CSC/Textures/T_ACS18_OcclusionRoughnessMetallic.uasset" 352
"F:/UE4/Project/Tanks_Dungeons/Content/CSC/Textures/T_ACS18_Normal.uasset" 353
"F:/UE4/Project/Tanks_Dungeons/Content/CSC/Textures/T_ACS18_Emissive.uasset" 354
"F:/UE4/Project/Tanks_Dungeons/Content/CSC/Textures/T_ACS18_BaseColor.uasset" 355
"F:/UE4/Project/Tanks_Dungeons/Content/CSC/Materials/M_ACS18.uasset" 356
"F:/UE4/Project/Tanks_Dungeons/Content/CSC/Meshes/SM_CSC_Gun1.uasset" 357
"F:/UE4/Project/Tanks_Dungeons/Content/StarterContent/Materials/M_AssetPlatform.uasset" 358
"F:/UE4/Project/Tanks_Dungeons/Content/StarterContent/Architecture/SM_AssetPlatform.uasset" 359
"F:/UE4/Project/Tanks_Dungeons/Content/StarterContent/Materials/M_Basic_Wall.uasset" 360
"F:/UE4/Project/Tanks_Dungeons/Content/StarterContent/Architecture/Wall_400x200.uasset" 361
"F:/UE4/Project/Tanks_Dungeons/Content/StarterContent/Architecture/Wall_Door_400x300.uasset" 362
"F:/UE4/Project/Tanks_Dungeons/Content/StarterContent/Architecture/Wall_Window_400x300.uasset" 363
"F:/UE4/Project/Tanks_Dungeons/Content/StarterContent/Audio/Collapse01.uasset" 364
"F:/UE4/Project/Tanks_Dungeons/Content/StarterContent/Audio/Collapse02.uasset" 365
"F:/UE4/Project/Tanks_Dungeons/Content/StarterContent/Audio/Collapse_Cue.uasset" 366
"F:/UE4/Project/Tanks_Dungeons/Content/StarterContent/Audio/Fire01.uasset" 367
"F:/UE4/Project/Tanks_Dungeons/Content/StarterContent/Audio/Fire_Sparks01.uasset" 368
"F:/UE4/Project/Tanks_Dungeons/Content/StarterContent/Audio/Smoke01.uasset" 369
"F:/UE4/Project/Tanks_Dungeons/Content/StarterContent/Audio/Starter_Birds01.uasset" 370
"F:/UE4/Project/Tanks_Dungeons/Content/StarterContent/Audio/Starter_Music01.uasset" 371
"F:/UE4/Project/Tanks_Dungeons/Content/StarterContent/Audio/Starter_Music_Cue.uasset" 372
"F:/UE4/Project/Tanks_Dungeons/Content/StarterContent/Audio/Starter_Wind05.uasset" 373
"F:/UE4/Project/Tanks_Dungeons/Content/StarterContent/Audio/Starter_Wind06.uasset" 374
"F:/UE4/Project/Tanks_Dungeons/Content/StarterContent/Audio/Steam01.uasset" 375
"F:/UE4/Project/Tanks_Dungeons/Content/StarterContent/Textures/T_Lamp_N.uasset" 376
"F:/UE4/Project/Tanks_Dungeons/Content/StarterContent/Textures/T_Lamp_M.uasset" 377
"F:/UE4/Project/Tanks_Dungeons/Content/StarterContent/Props/Materials/M_Lamp.uasset" 378
"F:/UE4/Project/Tanks_Dungeons/Content/StarterContent/Props/SM_Lamp_Ceiling.uasset" 379
"F:/UE4/Project/Tanks_Dungeons/Content/StarterContent/Blueprints/Blueprint_CeilingLight.uasset" 380
"../../../Engine/Content/Functions/Engine_MaterialFunctions01/Gradient/RadialGradient.uasset" 381
"F:/UE4/Project/Tanks_Dungeons/Content/StarterContent/Particles/Materials/M_Radial_Gradient.uasset" 382
"F:/UE4/Project/Tanks_Dungeons/Content/StarterContent/Textures/T_Water_N.uasset" 383
"F:/UE4/Project/Tanks_Dungeons/Content/StarterContent/Particles/Materials/M_Heat_Distortion.uasset" 384
"F:/UE4/Project/Tanks_Dungeons/Content/StarterContent/Textures/T_Fire_Tiled_D.uasset" 385
"F:/UE4/Project/Tanks_Dungeons/Content/StarterContent/Textures/T_Fire_SubUV.uasset" 386
"F:/UE4/Project/Tanks_Dungeons/Content/StarterContent/Particles/Materials/M_Fire_SubUV.uasset" 387
"F:/UE4/Project/Tanks_Dungeons/Content/StarterContent/Textures/T_Smoke_Tiled_D.uasset" 388
"F:/UE4/Project/Tanks_Dungeons/Content/StarterContent/Textures/T_Smoke_SubUV.uasset" 389
"F:/UE4/Project/Tanks_Dungeons/Content/StarterContent/Particles/Materials/M_smoke_subUV.uasset" 390
"F:/UE4/Project/Tanks_Dungeons/Content/StarterContent/Particles/P_Fire.uasset" 391
"F:/UE4/Project/Tanks_Dungeons/Content/StarterContent/Audio/Fire01_Cue.uasset" 392
"F:/UE4/Project/Tanks_Dungeons/Content/StarterContent/Blueprints/Blueprint_Effect_Fire.uasset" 393
"F:/UE4/Project/Tanks_Dungeons/Content/StarterContent/Particles/P_Smoke.uasset" 394
"F:/UE4/Project/Tanks_Dungeons/Content/StarterContent/Audio/Smoke01_Cue.uasset" 395
"F:/UE4/Project/Tanks_Dungeons/Content/StarterContent/Blueprints/Blueprint_Effect_Smoke.uasset" 396
"F:/UE4/Project/Tanks_Dungeons/Content/StarterContent/Textures/T_Spark_Core.uasset" 397
"F:/UE4/Project/Tanks_Dungeons/Content/StarterContent/Particles/Materials/M_Spark.uasset" 398
"F:/UE4/Project/Tanks_Dungeons/Content/StarterContent/Particles/P_Sparks.uasset" 399
"F:/UE4/Project/Tanks_Dungeons/Content/StarterContent/Audio/Fire_Sparks01_Cue.uasset" 400
"F:/UE4/Project/Tanks_Dungeons/Content/StarterContent/Blueprints/Blueprint_Effect_Sparks.uasset" 401
"F:/UE4/Project/Tanks_Dungeons/Content/StarterContent/Particles/P_Steam_Lit.uasset" 402
"F:/UE4/Project/Tanks_Dungeons/Content/StarterContent/Audio/Steam01_Cue.uasset" 403
"F:/UE4/Project/Tanks_Dungeons/Content/StarterContent/Blueprints/Blueprint_Effect_Steam.uasset" 404
"F:/UE4/Project/Tanks_Dungeons/Content/StarterContent/Props/SM_Lamp_Wall.uasset" 405
"F:/UE4/Project/Tanks_Dungeons/Content/StarterContent/Blueprints/Blueprint_WallSconce.uasset" 406
"F:/UE4/Project/Tanks_Dungeons/Content/StarterContent/HDRI/HDRI_Epic_Courtyard_Daylight.uasset" 407
"F:/UE4/Project/Tanks_Dungeons/Content/StarterContent/Blueprints/Assets/SM_Arrows.uasset" 408
"F:/UE4/Project/Tanks_Dungeons/Content/StarterContent/Blueprints/Assets/Skybox.uasset" 409
"../../../Engine/Content/MapTemplates/Sky/DaylightAmbientCubemap.uasset" 410
"F:/UE4/Project/Tanks_Dungeons/Content/StarterContent/Blueprints/Assets/M_LightStage_Skybox_Master.uasset" 411
"F:/UE4/Project/Tanks_Dungeons/Content/StarterContent/Blueprints/Assets/M_LightStage_Skybox_HDRI.uasset" 412
"F:/UE4/Project/Tanks_Dungeons/Content/StarterContent/Blueprints/Assets/M_LightStage_Skybox_Black.uasset" 413
"F:/UE4/Project/Tanks_Dungeons/Content/StarterContent/Blueprints/Assets/M_LightStage_Arrows.uasset" 414
"F:/UE4/Project/Tanks_Dungeons/Content/StarterContent/Blueprints/Assets/SunlightColorLUT.uasset" 415
"F:/UE4/Project/Tanks_Dungeons/Content/StarterContent/Blueprints/Assets/FogBrightnessLUT.uasset" 416
"F:/UE4/Project/Tanks_Dungeons/Content/StarterContent/Blueprints/BP_LightStudio.uasset" 417
"F:/UE4/Project/Tanks_Dungeons/Content/StarterContent/Textures/T_MacroVariation.uasset" 418
"F:/UE4/Project/Tanks_Dungeons/Content/StarterContent/Textures/T_Brick_Clay_Beveled_N.uasset" 419
"F:/UE4/Project/Tanks_Dungeons/Content/StarterContent/Textures/T_Brick_Clay_Beveled_M.uasset" 420
"F:/UE4/Project/Tanks_Dungeons/Content/StarterContent/Textures/T_Brick_Clay_Beveled_D.uasset" 421
"F:/UE4/Project/Tanks_Dungeons/Content/StarterContent/Materials/M_Brick_Clay_Beveled.uasset" 422
"F:/UE4/Project/Tanks_Dungeons/Content/StarterContent/Textures/T_Detail_Rocky_N.uasset" 423
"F:/UE4/Project/Tanks_Dungeons/Content/StarterContent/Textures/T_Brick_Clay_New_N.uasset" 424
"F:/UE4/Project/Tanks_Dungeons/Content/StarterContent/Textures/T_Brick_Clay_New_M.uasset" 425
"F:/UE4/Project/Tanks_Dungeons/Content/StarterContent/Textures/T_Brick_Clay_New_D.uasset" 426
"F:/UE4/Project/Tanks_Dungeons/Content/StarterContent/Materials/M_Brick_Clay_New.uasset" 427
"F:/UE4/Project/Tanks_Dungeons/Content/StarterContent/Textures/T_Perlin_Noise_M.uasset" 428
"F:/UE4/Project/Tanks_Dungeons/Content/StarterContent/Textures/T_Brick_Clay_Old_N.uasset" 429
"F:/UE4/Project/Tanks_Dungeons/Content/StarterContent/Textures/T_Brick_Clay_Old_D.uasset" 430
"F:/UE4/Project/Tanks_Dungeons/Content/StarterContent/Materials/M_Brick_Clay_Old.uasset" 431
"F:/UE4/Project/Tanks_Dungeons/Content/StarterContent/Textures/T_Brick_Cut_Stone_N.uasset" 432
"F:/UE4/Project/Tanks_Dungeons/Content/StarterContent/Textures/T_Brick_Cut_Stone_D.uasset" 433
"F:/UE4/Project/Tanks_Dungeons/Content/StarterContent/Materials/M_Brick_Cut_Stone.uasset" 434
"F:/UE4/Project/Tanks_Dungeons/Content/StarterContent/Textures/T_Brick_Hewn_Stone_N.uasset" 435
"F:/UE4/Project/Tanks_Dungeons/Content/StarterContent/Textures/T_Brick_Hewn_Stone_M.uasset" 436
"F:/UE4/Project/Tanks_Dungeons/Content/StarterContent/Textures/T_Brick_Hewn_Stone_D.uasset" 437
"F:/UE4/Project/Tanks_Dungeons/Content/StarterContent/Materials/M_Brick_Hewn_Stone.uasset" 438
"F:/UE4/Project/Tanks_Dungeons/Content/StarterContent/Textures/T_Rock_Marble_Polished_D.uasset" 439
"F:/UE4/Project/Tanks_Dungeons/Content/StarterContent/Textures/T_Ceramic_Tile_N.uasset" 440
"F:/UE4/Project/Tanks_Dungeons/Content/StarterContent/Textures/T_Ceramic_Tile_M.uasset" 441
"F:/UE4/Project/Tanks_Dungeons/Content/StarterContent/Materials/M_Ceramic_Tile_Checker.uasset" 442
"F:/UE4/Project/Tanks_Dungeons/Content/StarterContent/Textures/T_CobbleStone_Pebble_N.uasset" 443
"F:/UE4/Project/Tanks_Dungeons/Content/StarterContent/Textures/T_CobbleStone_Pebble_M.uasset" 444
"F:/UE4/Project/Tanks_Dungeons/Content/StarterContent/Textures/T_CobbleStone_Pebble_D.uasset" 445
"F:/UE4/Project/Tanks_Dungeons/Content/StarterContent/Materials/M_CobbleStone_Pebble.uasset" 446
"F:/UE4/Project/Tanks_Dungeons/Content/StarterContent/Textures/T_Rock_Smooth_Granite_D.uasset" 447
"F:/UE4/Project/Tanks_Dungeons/Content/StarterContent/Textures/T_Gradinet_01.uasset" 448
"F:/UE4/Project/Tanks_Dungeons/Content/StarterContent/Textures/T_CobbleStone_Rough_N.uasset" 449
"F:/UE4/Project/Tanks_Dungeons/Content/StarterContent/Textures/T_CobbleStone_Rough_D.uasset" 450
"F:/UE4/Project/Tanks_Dungeons/Content/StarterContent/Materials/M_CobbleStone_Rough.uasset" 451
"F:/UE4/Project/Tanks_Dungeons/Content/StarterContent/Textures/T_CobbleStone_Smooth_N.uasset" 452
"F:/UE4/Project/Tanks_Dungeons/Content/StarterContent/Textures/T_CobbleStone_Smooth_M.uasset" 453
"F:/UE4/Project/Tanks_Dungeons/Content/StarterContent/Textures/T_CobbleStone_Smooth_D.uasset" 454
"F:/UE4/Project/Tanks_Dungeons/Content/StarterContent/Materials/M_CobbleStone_Smooth.uasset" 455
"F:/UE4/Project/Tanks_Dungeons/Content/StarterContent/Textures/T_Metal_Rust_N.uasset" 456
"F:/UE4/Project/Tanks_Dungeons/Content/StarterContent/Textures/T_Concrete_Grime_D.uasset" 457
"F:/UE4/Project/Tanks_Dungeons/Content/StarterContent/Materials/M_Concrete_Grime.uasset" 458
"F:/UE4/Project/Tanks_Dungeons/Content/StarterContent/Textures/T_Concrete_Panels_N.uasset" 459
"F:/UE4/Project/Tanks_Dungeons/Content/StarterContent/Textures/T_Concrete_Panels_D.uasset" 460
"F:/UE4/Project/Tanks_Dungeons/Content/StarterContent/Materials/M_Concrete_Panels.uasset" 461
"F:/UE4/Project/Tanks_Dungeons/Content/StarterContent/Textures/T_Concrete_Poured_N.uasset" 462
"F:/UE4/Project/Tanks_Dungeons/Content/StarterContent/Textures/T_Concrete_Poured_D.uasset" 463
"F:/UE4/Project/Tanks_Dungeons/Content/StarterContent/Materials/M_Concrete_Poured.uasset" 464
"F:/UE4/Project/Tanks_Dungeons/Content/StarterContent/Textures/T_Concrete_Tiles_Variation_M.uasset" 465
"F:/UE4/Project/Tanks_Dungeons/Content/StarterContent/Textures/T_Concrete_Tiles_N.uasset" 466
"F:/UE4/Project/Tanks_Dungeons/Content/StarterContent/Textures/T_Concrete_Tiles_M.uasset" 467
"F:/UE4/Project/Tanks_Dungeons/Content/StarterContent/Textures/T_Concrete_Tiles_D.uasset" 468
"F:/UE4/Project/Tanks_Dungeons/Content/StarterContent/Materials/M_Concrete_Tiles.uasset" 469
"F:/UE4/Project/Tanks_Dungeons/Content/StarterContent/Textures/T_Ground_Grass_N.uasset" 470
"F:/UE4/Project/Tanks_Dungeons/Content/StarterContent/Textures/T_Ground_Grass_D.uasset" 471
"F:/UE4/Project/Tanks_Dungeons/Content/StarterContent/Materials/M_Ground_Grass.uasset" 472
"F:/UE4/Project/Tanks_Dungeons/Content/StarterContent/Textures/T_Ground_Gravel_N.uasset" 473
"F:/UE4/Project/Tanks_Dungeons/Content/StarterContent/Textures/T_Ground_Gravel_D.uasset" 474
"F:/UE4/Project/Tanks_Dungeons/Content/StarterContent/Materials/M_Ground_Gravel.uasset" 475
"F:/UE4/Project/Tanks_Dungeons/Content/StarterContent/Textures/T_Ground_Moss_N.uasset" 476
"F:/UE4/Project/Tanks_Dungeons/Content/StarterContent/Textures/T_ground_Moss_D.uasset" 477
"F:/UE4/Project/Tanks_Dungeons/Content/StarterContent/Materials/M_Ground_Moss.uasset" 478
"F:/UE4/Project/Tanks_Dungeons/Content/StarterContent/Textures/T_Metal_Gold_N.uasset" 479
"F:/UE4/Project/Tanks_Dungeons/Content/StarterContent/Textures/T_Metal_Aluminum_D.uasset" 480
"F:/UE4/Project/Tanks_Dungeons/Content/StarterContent/Materials/M_Metal_Burnished_Steel.uasset" 481
"F:/UE4/Project/Tanks_Dungeons/Content/StarterContent/Materials/M_Metal_Chrome.uasset" 482
"F:/UE4/Project/Tanks_Dungeons/Content/StarterContent/Textures/T_Metal_Copper_D.uasset" 483
"F:/UE4/Project/Tanks_Dungeons/Content/StarterContent/Materials/M_Metal_Copper.uasset" 484
"F:/UE4/Project/Tanks_Dungeons/Content/StarterContent/Textures/T_Metal_Gold_D.uasset" 485
"F:/UE4/Project/Tanks_Dungeons/Content/StarterContent/Materials/M_Metal_Gold.uasset" 486
"F:/UE4/Project/Tanks_Dungeons/Content/StarterContent/Textures/T_Metal_Rust_D.uasset" 487
"../../../Engine/Content/Functions/Engine_MaterialFunctions02/Utility/BlendAngleCorrectedNormals.uasset" 488
"F:/UE4/Project/Tanks_Dungeons/Content/StarterContent/Materials/M_Metal_Rust.uasset" 489
"F:/UE4/Project/Tanks_Dungeons/Content/StarterContent/Textures/T_Metal_Steel_N.uasset" 490
"F:/UE4/Project/Tanks_Dungeons/Content/StarterContent/Textures/T_Metal_Steel_D.uasset" 491
"F:/UE4/Project/Tanks_Dungeons/Content/StarterContent/Materials/M_Metal_Steel.uasset" 492
"F:/UE4/Project/Tanks_Dungeons/Content/StarterContent/Textures/T_Rock_Basalt_N.uasset" 493
"F:/UE4/Project/Tanks_Dungeons/Content/StarterContent/Textures/T_Rock_Basalt_D.uasset" 494
"F:/UE4/Project/Tanks_Dungeons/Content/StarterContent/Materials/M_Rock_Basalt.uasset" 495
"F:/UE4/Project/Tanks_Dungeons/Content/StarterContent/Materials/M_Rock_Marble_Polished.uasset" 496
"F:/UE4/Project/Tanks_Dungeons/Content/StarterContent/Textures/T_Rock_Sandstone_N.uasset" 497
"F:/UE4/Project/Tanks_Dungeons/Content/StarterContent/Textures/T_Rock_Sandstone_D.uasset" 498
"F:/UE4/Project/Tanks_Dungeons/Content/StarterContent/Materials/M_Rock_Sandstone.uasset" 499
"F:/UE4/Project/Tanks_Dungeons/Content/StarterContent/Textures/T_Rock_Slate_N.uasset" 500
"F:/UE4/Project/Tanks_Dungeons/Content/StarterContent/Textures/T_Rock_Slate_D.uasset" 501
"F:/UE4/Project/Tanks_Dungeons/Content/StarterContent/Materials/M_Rock_Slate.uasset" 502
"F:/UE4/Project/Tanks_Dungeons/Content/StarterContent/Textures/T_Tech_Dot_N.uasset" 503
"F:/UE4/Project/Tanks_Dungeons/Content/StarterContent/Textures/T_Tech_Dot_M.uasset" 504
"F:/UE4/Project/Tanks_Dungeons/Content/StarterContent/Textures/T_Single_Tile_N.uasset" 505
"F:/UE4/Project/Tanks_Dungeons/Content/StarterContent/Textures/T_Checker_Noise_M.uasset" 506
"F:/UE4/Project/Tanks_Dungeons/Content/StarterContent/Materials/M_Tech_Checker_Dot.uasset" 507
"F:/UE4/Project/Tanks_Dungeons/Content/StarterContent/Textures/T_Tech_Hex_Tile_N.uasset" 508
"F:/UE4/Project/Tanks_Dungeons/Content/StarterContent/Textures/T_Tech_Hex_Tile_M.uasset" 509
"F:/UE4/Project/Tanks_Dungeons/Content/StarterContent/Materials/M_Tech_Hex_Tile.uasset" 510
"F:/UE4/Project/Tanks_Dungeons/Content/StarterContent/Materials/M_Tech_Hex_Tile_Pulse.uasset" 511
"F:/UE4/Project/Tanks_Dungeons/Content/StarterContent/Textures/T_Tech_Panel_N.uasset" 512
"F:/UE4/Project/Tanks_Dungeons/Content/StarterContent/Textures/T_Tech_Panel_M.uasset" 513
"F:/UE4/Project/Tanks_Dungeons/Content/StarterContent/Materials/M_Tech_Panel.uasset" 514
"F:/UE4/Project/Tanks_Dungeons/Content/StarterContent/Materials/M_Water_Lake.uasset" 515
"F:/UE4/Project/Tanks_Dungeons/Content/StarterContent/Textures/T_Water_M.uasset" 516
"F:/UE4/Project/Tanks_Dungeons/Content/StarterContent/Materials/M_Water_Ocean.uasset" 517
"F:/UE4/Project/Tanks_Dungeons/Content/StarterContent/Textures/T_Wood_Floor_Walnut_N.uasset" 518
"F:/UE4/Project/Tanks_Dungeons/Content/StarterContent/Textures/T_Wood_Floor_Walnut_M.uasset" 519
"F:/UE4/Project/Tanks_Dungeons/Content/StarterContent/Textures/T_Wood_Floor_Walnut_D.uasset" 520
"F:/UE4/Project/Tanks_Dungeons/Content/StarterContent/Materials/M_Wood_Floor_Walnut_Polished.uasset" 521
"../../../Engine/Content/Functions/Engine_MaterialFunctions01/Opacity/AlphaOffset.uasset" 522
"F:/UE4/Project/Tanks_Dungeons/Content/StarterContent/Materials/M_Wood_Floor_Walnut_Worn.uasset" 523
"F:/UE4/Project/Tanks_Dungeons/Content/StarterContent/Textures/T_Wood_Oak_N.uasset" 524
"F:/UE4/Project/Tanks_Dungeons/Content/StarterContent/Textures/T_Wood_Oak_D.uasset" 525
"F:/UE4/Project/Tanks_Dungeons/Content/StarterContent/Materials/M_Wood_Oak.uasset" 526
"F:/UE4/Project/Tanks_Dungeons/Content/StarterContent/Textures/T_Wood_Pine_N.uasset" 527
"F:/UE4/Project/Tanks_Dungeons/Content/StarterContent/Textures/T_Wood_Pine_D.uasset" 528
"F:/UE4/Project/Tanks_Dungeons/Content/StarterContent/Materials/M_Wood_Pine.uasset" 529
"F:/UE4/Project/Tanks_Dungeons/Content/StarterContent/Textures/T_Wood_Walnut_N.uasset" 530
"F:/UE4/Project/Tanks_Dungeons/Content/StarterContent/Textures/T_Wood_Walnut_D.uasset" 531
"F:/UE4/Project/Tanks_Dungeons/Content/StarterContent/Materials/M_Wood_Walnut.uasset" 532
"F:/UE4/Project/Tanks_Dungeons/Content/StarterContent/Textures/T_Dust_Particle_D.uasset" 533
"F:/UE4/Project/Tanks_Dungeons/Content/StarterContent/Particles/Materials/M_Dust_Particle.uasset" 534
"F:/UE4/Project/Tanks_Dungeons/Content/StarterContent/Particles/P_Ambient_Dust.uasset" 535
"F:/UE4/Project/Tanks_Dungeons/Content/StarterContent/Props/MaterialSphere.uasset" 536
"F:/UE4/Project/Tanks_Dungeons/Content/StarterContent/Textures/T_Chair_N.uasset" 537
"F:/UE4/Project/Tanks_Dungeons/Content/StarterContent/Textures/T_Chair_M.uasset" 538
"F:/UE4/Project/Tanks_Dungeons/Content/StarterContent/Props/Materials/M_Chair.uasset" 539
"F:/UE4/Project/Tanks_Dungeons/Content/StarterContent/Props/SM_Chair.uasset" 540
"F:/UE4/Project/Tanks_Dungeons/Content/StarterContent/Textures/T_Frame_N.uasset" 541
"F:/UE4/Project/Tanks_Dungeons/Content/StarterContent/Textures/T_Frame_M.uasset" 542
"F:/UE4/Project/Tanks_Dungeons/Content/StarterContent/Props/Materials/M_Frame.uasset" 543
"F:/UE4/Project/Tanks_Dungeons/Content/StarterContent/Props/SM_CornerFrame.uasset" 544
"F:/UE4/Project/Tanks_Dungeons/Content/StarterContent/Props/SM_DoorFrame.uasset" 545
"F:/UE4/Project/Tanks_Dungeons/Content/StarterContent/Materials/M_Glass.uasset" 546
"F:/UE4/Project/Tanks_Dungeons/Content/StarterContent/Props/SM_GlassWindow.uasset" 547
"F:/UE4/Project/Tanks_Dungeons/Content/StarterContent/Props/SM_PillarFrame.uasset" 548
"F:/UE4/Project/Tanks_Dungeons/Content/StarterContent/Props/SM_PillarFrame300.uasset" 549
"F:/UE4/Project/Tanks_Dungeons/Content/StarterContent/Textures/T_Statue_N.uasset" 550
"F:/UE4/Project/Tanks_Dungeons/Content/StarterContent/Textures/T_Statue_M.uasset" 551
"F:/UE4/Project/Tanks_Dungeons/Content/StarterContent/Props/Materials/M_StatueGlass.uasset" 552
"F:/UE4/Project/Tanks_Dungeons/Content/StarterContent/Props/Materials/M_Statue.uasset" 553
"F:/UE4/Project/Tanks_Dungeons/Content/StarterContent/Props/SM_Statue.uasset" 554
"F:/UE4/Project/Tanks_Dungeons/Content/StarterContent/Textures/T_TableRound_N.uasset" 555
"F:/UE4/Project/Tanks_Dungeons/Content/StarterContent/Textures/T_TableRound_M.uasset" 556
"F:/UE4/Project/Tanks_Dungeons/Content/StarterContent/Props/Materials/M_TableRound.uasset" 557
"F:/UE4/Project/Tanks_Dungeons/Content/StarterContent/Props/SM_TableRound.uasset" 558
"F:/UE4/Project/Tanks_Dungeons/Content/StarterContent/Props/SM_WindowFrame.uasset" 559
"F:/UE4/Project/Tanks_Dungeons/Content/StarterContent/Shapes/Shape_Cube.uasset" 560
"F:/UE4/Project/Tanks_Dungeons/Content/StarterContent/Shapes/Shape_QuadPyramid.uasset" 561
"F:/UE4/Project/Tanks_Dungeons/Content/StarterContent/Shapes/Shape_Sphere.uasset" 562
"../../Plugins/2D/Paper2D/Content/PlaceholderTextures/DummySpriteTexture.uasset" 563
"../../Plugins/2D/Paper2D/Content/DummySprite.uasset" 564
"../../Plugins/2D/Paper2D/Content/DefaultPaperTerrainMaterial.uasset" 565
"../../Plugins/2D/Paper2D/Content/DefaultSpriteMaterial.uasset" 566
"../../Plugins/2D/Paper2D/Content/MaskedUnlitSpriteMaterial.uasset" 567
"../../Plugins/2D/Paper2D/Content/OpaqueUnlitSpriteMaterial.uasset" 568
"../../Plugins/Editor/SpeedTreeImporter/Content/SpeedTree9/UnpackInteger3.uasset" 569
"../../Plugins/Editor/SpeedTreeImporter/Content/SpeedTree9/UnpackDirection.uasset" 570
"../../Plugins/Editor/SpeedTreeImporter/Content/SpeedTree9/game_wind_noise.uasset" 571
"../../../Engine/Content/Functions/Engine_MaterialFunctions02/SafeNormalize.uasset" 572
"../../Plugins/Editor/SpeedTreeImporter/Content/SpeedTree9/SpeedTreeWindMotion.uasset" 573
"../../Plugins/Editor/SpeedTreeImporter/Content/SpeedTree9/SpeedTreeBranchMotion.uasset" 574
"../../../Engine/Content/Functions/Engine_MaterialFunctions02/ObjectLocalBounds.uasset" 575
"../../../Engine/Content/Functions/Engine_MaterialFunctions02/UVs/BoundingBoxBased_0-1_UVW.uasset" 576
"../../Plugins/Editor/SpeedTreeImporter/Content/SpeedTree9/SpeedTreeWind.uasset" 577
"../../Plugins/Editor/SpeedTreeImporter/Content/SpeedTree9/SpeedTreeBillboard.uasset" 578
"../../../Engine/Content/EngineResources/DefaultTexture.uasset" 579
"../../Plugins/Editor/SpeedTreeImporter/Content/SpeedTree9/SpeedTreeBillboardMaster.uasset" 580
"../../Plugins/Editor/SpeedTreeImporter/Content/SpeedTree9/SpeedTreeCameraFacing.uasset" 581
"../../Plugins/Editor/SpeedTreeImporter/Content/SpeedTree9/SpeedTreeMaster.uasset" 582
"../../../Engine/Content/BasicShapes/Cylinder.uasset" 583
"../../../Engine/Content/ArtTools/RenderToTexture/Materials/Debug/M_Emissive_Color.uasset" 584
"../../Plugins/Lumin/MagicLeapPassableWorld/Content/MagicLeapARPinInfoActor.uasset" 585
"../../Plugins/FX/Niagara/Content/Enums/ENiagaraAnimTrailWidthMode.uasset" 586
"../../Plugins/FX/Niagara/Content/Enums/ENiagaraArraySamplingMode.uasset" 587
"../../Plugins/FX/Niagara/Content/Enums/ENiagaraBoneSamplingMode.uasset" 588
"../../Plugins/FX/Niagara/Content/Enums/ENiagaraBoneSocketSamplingMode.uasset" 589
"../../Plugins/FX/Niagara/Content/Enums/ENiagaraBooleanLogicOps.uasset" 590
"../../Plugins/FX/Niagara/Content/Enums/ENiagaraBooleanLogicOps_v2.uasset" 591
"../../Plugins/FX/Niagara/Content/Enums/ENiagaraCalculateRadiusOptions.uasset" 592
"../../Plugins/FX/Niagara/Content/Enums/ENiagaraChannelCorrelation.uasset" 593
"../../Plugins/FX/Niagara/Content/Enums/ENiagaraCollisionRadiusOptions.uasset" 594
"../../Plugins/FX/Niagara/Content/Enums/ENiagaraCoordinateSpace.uasset" 595
"../../Plugins/FX/Niagara/Content/Enums/ENiagaraCurlNoiseQuality.uasset" 596
"../../Plugins/FX/Niagara/Content/Enums/ENiagaraEmitterLifeCycleMode.uasset" 597
"../../Plugins/FX/Niagara/Content/Enums/ENiagaraEmitterScalabilityMode.uasset" 598
"../../Plugins/FX/Niagara/Content/Enums/ENiagaraEmitterScalabilityMode_Limited.uasset" 599
"../../Plugins/FX/Niagara/Content/Enums/ENiagaraExecutionStateManagement.uasset" 600
"../../Plugins/FX/Niagara/Content/Enums/ENiagaraExpansionMode.uasset" 601
"../../Plugins/FX/Niagara/Content/Enums/ENiagaraFrictionMergeType.uasset" 602
"../../Plugins/FX/Niagara/Content/Enums/ENiagaraGPUDepthResponseType.uasset" 603
"../../Plugins/FX/Niagara/Content/Enums/ENiagaraGridPlacementType.uasset" 604
"../../Plugins/FX/Niagara/Content/Enums/ENiagaraInactiveMode.uasset" 605
"../../Plugins/FX/Niagara/Content/Enums/ENiagaraKillVolumeOptions.uasset" 606
"../../Plugins/FX/Niagara/Content/Enums/ENiagaraLinearColor_Channels.uasset" 607
"../../Plugins/FX/Niagara/Content/Enums/ENiagaraMassByVolume.uasset" 608
"../../Plugins/FX/Niagara/Content/Enums/ENiagaraMassCalculationForRendererTypes.uasset" 609
"../../Plugins/FX/Niagara/Content/Enums/ENiagaraMeshOrSprite.uasset" 610
"../../Plugins/FX/Niagara/Content/Enums/ENiagaraMeshSamplingMode.uasset" 611
"../../Plugins/FX/Niagara/Content/Enums/ENiagaraMeshSurfaceSamplingMode.uasset" 612
"../../Plugins/FX/Niagara/Content/Enums/ENiagaraMeshTransforms.uasset" 613
"../../Plugins/FX/Niagara/Content/Enums/ENiagaraMinOrMax.uasset" 614
"../../Plugins/FX/Niagara/Content/Enums/ENiagaraNumericVariableTypes.uasset" 615
"../../Plugins/FX/Niagara/Content/Enums/ENiagaraOrientationAxis.uasset" 616
"../../Plugins/FX/Niagara/Content/Enums/ENiagaraQuaternionDerivationTechnique.uasset" 617
"../../Plugins/FX/Niagara/Content/Enums/ENiagaraRandomnessEvaluation.uasset" 618
"../../Plugins/FX/Niagara/Content/Enums/ENiagaraRandomnessMode.uasset" 619
"../../Plugins/FX/Niagara/Content/Enums/ENiagaraRestitutionMergeType.uasset" 620
"../../Plugins/FX/Niagara/Content/Enums/ENiagaraScaleColorMode.uasset" 621
"../../Plugins/FX/Niagara/Content/Enums/ENiagaraSimulationTarget.uasset" 622
"../../Plugins/FX/Niagara/Content/Enums/ENiagaraSkeletalSpawning.uasset" 623
"../../Plugins/FX/Niagara/Content/Enums/ENiagaraSkelSamplingFilteringMode.uasset" 624
"../../Plugins/FX/Niagara/Content/Enums/ENiagaraSkelSamplingModeFull.uasset" 625
"../../Plugins/FX/Niagara/Content/Enums/ENiagaraSocketSamplingMode.uasset" 626
"../../Plugins/FX/Niagara/Content/Enums/ENiagaraSphereDistributionMode.uasset" 627
"../../Plugins/FX/Niagara/Content/Enums/ENiagaraSUbUVAnimationMode.uasset" 628
"../../Plugins/FX/Niagara/Content/Enums/ENiagaraSystemInactiveMode.uasset" 629
"../../Plugins/FX/Niagara/Content/Enums/ENiagaraTorusDistributionMode.uasset" 630
"../../Plugins/FX/Niagara/Content/Enums/ENiagaraTorusMode.uasset" 631
"../../Plugins/FX/Niagara/Content/Enums/ENiagaraTriangleSamplingMode.uasset" 632
"../../Plugins/FX/Niagara/Content/Enums/ENiagaraVector2_Channels.uasset" 633
"../../Plugins/FX/Niagara/Content/Enums/ENiagaraVector3_Channels.uasset" 634
"../../Plugins/FX/Niagara/Content/Enums/ENiagaraVector4_Channels.uasset" 635
"../../Plugins/FX/Niagara/Content/Enums/ENiagaraVertexFilteringMode.uasset" 636
"../../Plugins/FX/Niagara/Content/Enums/ENiagaraVertexSamplingMode.uasset" 637
"../../Plugins/FX/Niagara/Content/Enums/ENiagara_AudioParamType.uasset" 638
"../../Plugins/FX/Niagara/Content/Enums/ENiagara_BankOnTurns.uasset" 639
"../../Plugins/FX/Niagara/Content/Enums/ENiagara_CameraMeshOrientation.uasset" 640
"../../Plugins/FX/Niagara/Content/Enums/ENiagara_CameraProperties.uasset" 641
"../../Plugins/FX/Niagara/Content/Enums/ENiagara_CollisionType.uasset" 642
"../../Plugins/FX/Niagara/Content/Enums/ENiagara_ColorInitializationMode.uasset" 643
"../../Plugins/FX/Niagara/Content/Enums/ENiagara_CPUCollisionType.uasset" 644
"../../Plugins/FX/Niagara/Content/Enums/ENiagara_DirectReadApplicationMode.uasset" 645
"../../Plugins/FX/Niagara/Content/Enums/ENiagara_DirectReadParticleIDSampling.uasset" 646
"../../Plugins/FX/Niagara/Content/Enums/ENiagara_DirectReadSamplingMode.uasset" 647
"../../Plugins/FX/Niagara/Content/Enums/ENiagara_EmitterLocSamplingMode.uasset" 648
"../../Plugins/FX/Niagara/Content/Enums/ENiagara_EmitterStateOptions.uasset" 649
"../../Plugins/FX/Niagara/Content/Enums/ENiagara_FadeOperationType.uasset" 650
"../../Plugins/FX/Niagara/Content/Enums/ENiagara_Float4Channel.uasset" 651
"../../Plugins/FX/Niagara/Content/Enums/ENiagara_GPUCollisionType.uasset" 652
"../../Plugins/FX/Niagara/Content/Enums/ENiagara_IDAttributes.uasset" 653
"../../Plugins/FX/Niagara/Content/Enums/ENiagara_InfiniteLoopDuration.uasset" 654
"../../Plugins/FX/Niagara/Content/Enums/ENiagara_LifetimeInheritanceOptions.uasset" 655
"../../Plugins/FX/Niagara/Content/Enums/ENiagara_LifetimeMode.uasset" 656
"../../Plugins/FX/Niagara/Content/Enums/ENiagara_MassInitializationMode.uasset" 657
"../../Plugins/FX/Niagara/Content/Enums/ENiagara_MultipleLerpCount.uasset" 658
"../../Plugins/FX/Niagara/Content/Enums/ENiagara_PositionInitializationMode.uasset" 659
"../../Plugins/FX/Niagara/Content/Enums/ENiagara_RotationDefinitionApproach.uasset" 660
"../../Plugins/FX/Niagara/Content/Enums/ENiagara_SizeScaleMode.uasset" 661
"../../Plugins/FX/Niagara/Content/Enums/ENiagara_SpawnBurstMode.uasset" 662
"../../Plugins/FX/Niagara/Content/Enums/ENiagara_SpriteRotationMode.uasset" 663
"../../Plugins/FX/Niagara/Content/Enums/ENiagara_SubUVLookupMode.uasset" 664
"../../Plugins/FX/Niagara/Content/Enums/ENiagara_TransformBaseOptions.uasset" 665
"../../Plugins/FX/Niagara/Content/Enums/ENiagara_TransformMode.uasset" 666
"../../Plugins/FX/Niagara/Content/Enums/ENiagara_TransformOrientationMode.uasset" 667
"../../Plugins/FX/Niagara/Content/Enums/ENiagara_UVFlippingMode.uasset" 668
"../../Plugins/FX/Niagara/Content/Enums/Niagara_Units.uasset" 669
"../../Plugins/FX/Niagara/Content/Enums/CascadeConversion/ECascadeNiagaraOrbitChainMode.uasset" 670
"../../Plugins/FX/Niagara/Content/Enums/CascadeConversion/ECascadeNiagaraTwoVectorChannels.uasset" 671
"../../Plugins/FX/Niagara/Content/Icons/S_ParticleSystem.uasset" 672
"../../../Engine/Content/Functions/Engine_MaterialFunctions02/Utility/BreakOutFloat4Components.uasset" 673
"../../Plugins/Runtime/Oculus/OculusVR/Content/Materials/OculusMR_ChromaKey.uasset" 674
"../../Plugins/Runtime/Oculus/OculusVR/Content/Materials/OculusMR_OpaqueColoredMaterial.uasset" 675
"../../Plugins/Runtime/Oculus/OculusVR/Content/Materials/PokeAHoleMaterial.uasset" 676
"F:/UE4/Project/Tanks_Dungeons/Content/CSC/Textures/T_Tank_OcclusionRoughnessMetallic.uasset" 677
"F:/UE4/Project/Tanks_Dungeons/Content/CSC/Textures/T_Tank_Normal.uasset" 678
"F:/UE4/Project/Tanks_Dungeons/Content/CSC/Textures/T_Tank_Emissive.uasset" 679
"F:/UE4/Project/Tanks_Dungeons/Content/CSC/Textures/T_Tank_BaseColor.uasset" 680
"F:/UE4/Project/Tanks_Dungeons/Content/CSC/Materials/M_Tank.uasset" 681
"F:/UE4/Project/Tanks_Dungeons/Content/CSC/Meshes/SM_TANK_Base1.uasset" 682
"F:/UE4/Project/Tanks_Dungeons/Content/CSC/Meshes/SM_CSC_Gun6.uasset" 683
"F:/UE4/Project/Tanks_Dungeons/Content/BluePrints/bp_TankPawn.uasset" 684
"F:/UE4/Project/Tanks_Dungeons/Content/BluePrints/BP_Tanks_DungeonsGameMode.uasset" 685
"F:/UE4/Project/Tanks_Dungeons/Content/Maps/TestLevel_BuiltData.uasset" 686
"../../../Engine/Content/Maps/Entry_BuiltData.uasset" 687
"../../../Engine/Content/Maps/Entry.umap" 688
"F:/UE4/Project/Tanks_Dungeons/Content/StarterContent/Materials/M_Metal_Brushed_Nickel.uasset" 689
"F:/UE4/Project/Tanks_Dungeons/Content/StarterContent/Maps/Minimal_Default_BuiltData.uasset" 690
"F:/UE4/Project/Tanks_Dungeons/Content/StarterContent/Audio/Starter_Background_Cue.uasset" 691
"F:/UE4/Project/Tanks_Dungeons/Content/StarterContent/Materials/M_Basic_Floor.uasset" 692
"F:/UE4/Project/Tanks_Dungeons/Content/StarterContent/Architecture/Floor_400x400.uasset" 693
"../../../Engine/Content/EngineSky/T_Sky_Stars.uasset" 694
"../../../Engine/Content/EngineSky/T_Sky_Clouds_M.uasset" 695
"../../../Engine/Content/EngineSky/T_Sky_Blue.uasset" 696
"../../../Engine/Content/EngineSky/M_Sky_Panning_Clouds2.uasset" 697
"../../../Engine/Content/EngineSky/SM_SkySphere.uasset" 698
"../../../Engine/Content/EngineSky/C_Sky_Zenith_Color.uasset" 699
"../../../Engine/Content/EngineSky/C_Sky_Horizon_Color.uasset" 700
"../../../Engine/Content/EngineSky/C_Sky_Cloud_Color.uasset" 701
"../../../Engine/Content/EngineSky/BP_Sky_Sphere.uasset" 702
"F:/UE4/Project/Tanks_Dungeons/Content/StarterContent/Maps/Minimal_Default.umap" 703
